{"synthetic": false,
 "schemaVersion": "2025-09-10",
 "outputs":
 {"o": ["a5a4aa079438a48f.olean"],
  "i": "98e3f0d4d729e825.ilean",
  "c": "89cded27f4448d7f.c"},
 "log":
 [{"message":
   ".> LEAN_PATH=C:\\Users\\Lorenzo\\Documents\\Workspace\\Doutorado\\DLDSBooleanCircuit\\.lake\\packages\\Cli\\.lake\\build\\lib\\lean;C:\\Users\\Lorenzo\\Documents\\Workspace\\Doutorado\\DLDSBooleanCircuit\\.lake\\packages\\batteries\\.lake\\build\\lib\\lean;C:\\Users\\Lorenzo\\Documents\\Workspace\\Doutorado\\DLDSBooleanCircuit\\.lake\\packages\\Qq\\.lake\\build\\lib\\lean;C:\\Users\\Lorenzo\\Documents\\Workspace\\Doutorado\\DLDSBooleanCircuit\\.lake\\packages\\aesop\\.lake\\build\\lib\\lean;C:\\Users\\Lorenzo\\Documents\\Workspace\\Doutorado\\DLDSBooleanCircuit\\.lake\\packages\\proofwidgets\\.lake\\build\\lib\\lean;C:\\Users\\Lorenzo\\Documents\\Workspace\\Doutorado\\DLDSBooleanCircuit\\.lake\\packages\\importGraph\\.lake\\build\\lib\\lean;C:\\Users\\Lorenzo\\Documents\\Workspace\\Doutorado\\DLDSBooleanCircuit\\.lake\\packages\\LeanSearchClient\\.lake\\build\\lib\\lean;C:\\Users\\Lorenzo\\Documents\\Workspace\\Doutorado\\DLDSBooleanCircuit\\.lake\\packages\\plausible\\.lake\\build\\lib\\lean;C:\\Users\\Lorenzo\\Documents\\Workspace\\Doutorado\\DLDSBooleanCircuit\\.lake\\packages\\mathlib\\.lake\\build\\lib\\lean;C:\\Users\\Lorenzo\\Documents\\Workspace\\Doutorado\\DLDSBooleanCircuit\\.lake\\build\\lib\\lean c:\\Users\\Lorenzo\\.elan\\toolchains\\leanprover--lean4---v4.29.0-rc7\\bin\\lean.exe C:\\Users\\Lorenzo\\Documents\\Workspace\\Doutorado\\DLDSBooleanCircuit\\DLDSBooleanCircuit\\Robustness.lean -o C:\\Users\\Lorenzo\\Documents\\Workspace\\Doutorado\\DLDSBooleanCircuit\\.lake\\build\\lib\\lean\\DLDSBooleanCircuit\\Robustness.olean -i C:\\Users\\Lorenzo\\Documents\\Workspace\\Doutorado\\DLDSBooleanCircuit\\.lake\\build\\lib\\lean\\DLDSBooleanCircuit\\Robustness.ilean -c C:\\Users\\Lorenzo\\Documents\\Workspace\\Doutorado\\DLDSBooleanCircuit\\.lake\\build\\ir\\DLDSBooleanCircuit\\Robustness.c --setup C:\\Users\\Lorenzo\\Documents\\Workspace\\Doutorado\\DLDSBooleanCircuit\\.lake\\build\\ir\\DLDSBooleanCircuit\\Robustness.setup.json --json",
   "level": "trace"}],
 "inputs":
 [["DLDSBooleanCircuit.Robustness:deps",
   [["deps",
     [["DLDSBooleanCircuit/DLDSBooleanCircuit:extraDep",
       [["@DLDSBooleanCircuit:extraDep", "00000000000006bb"]]],
      ["imports",
       [["Mathlib.Data.Fintype.BigOperators transitive imports (legacy)",
         "710783190593bc6a"],
        ["Mathlib.Data.Fintype.BigOperators:importAllArts", "10e291771bf294b7"],
        ["Mathlib.Logic.Equiv.Fin.Basic transitive imports (legacy)",
         "ec792cb297aea21c"],
        ["Mathlib.Logic.Equiv.Fin.Basic:importAllArts", "1a9c4784fa55f2d9"]]]]],
    ["libs",
     [["import dynlibs", "00000000000006bb"],
      ["package external libraries", "00000000000006bb"],
      ["module dynlibs", "00000000000006bb"],
      ["module plugins", "00000000000006bb"]]]]],
  ["Lean 4.29.0, commit f5d7f18743eac341c4fa6e86abc5056d6ece40f4",
   "d81946a93ffea441"],
  ["C:\\Users\\Lorenzo\\Documents\\Workspace\\Doutorado\\DLDSBooleanCircuit\\DLDSBooleanCircuit\\Robustness.lean",
   "b6dbf2017da60868"],
  ["options", "00000000000006bb"],
  ["isModule: false", "feefd2a0d3a1847e"],
  ["Module.name: DLDSBooleanCircuit.Robustness", "4fa51af7445bbf6e"],
  ["Package.id?: (some DLDSBooleanCircuit)", "eee346e99974207b"],
  ["Module.leanArgs: #[]", "00000000000006bb"]],
 "depHash": "86f2a1e955d96ba1"}