{"synthetic": false,
 "schemaVersion": "2025-09-10",
 "outputs":
 {"o": ["ef044d8fe953261b.olean"],
  "i": "bf6dca2ca418cb15.ilean",
  "c": "f59d321c02d5802e.c"},
 "log":
 [{"message":
   ".> LEAN_PATH=C:\\Users\\Lorenzo\\Documents\\Workspace\\Doutorado\\DLDSBooleanCircuit\\.lake\\packages\\Cli\\.lake\\build\\lib\\lean;C:\\Users\\Lorenzo\\Documents\\Workspace\\Doutorado\\DLDSBooleanCircuit\\.lake\\packages\\batteries\\.lake\\build\\lib\\lean;C:\\Users\\Lorenzo\\Documents\\Workspace\\Doutorado\\DLDSBooleanCircuit\\.lake\\packages\\Qq\\.lake\\build\\lib\\lean;C:\\Users\\Lorenzo\\Documents\\Workspace\\Doutorado\\DLDSBooleanCircuit\\.lake\\packages\\aesop\\.lake\\build\\lib\\lean;C:\\Users\\Lorenzo\\Documents\\Workspace\\Doutorado\\DLDSBooleanCircuit\\.lake\\packages\\proofwidgets\\.lake\\build\\lib\\lean;C:\\Users\\Lorenzo\\Documents\\Workspace\\Doutorado\\DLDSBooleanCircuit\\.lake\\packages\\importGraph\\.lake\\build\\lib\\lean;C:\\Users\\Lorenzo\\Documents\\Workspace\\Doutorado\\DLDSBooleanCircuit\\.lake\\packages\\LeanSearchClient\\.lake\\build\\lib\\lean;C:\\Users\\Lorenzo\\Documents\\Workspace\\Doutorado\\DLDSBooleanCircuit\\.lake\\packages\\plausible\\.lake\\build\\lib\\lean;C:\\Users\\Lorenzo\\Documents\\Workspace\\Doutorado\\DLDSBooleanCircuit\\.lake\\packages\\mathlib\\.lake\\build\\lib\\lean;C:\\Users\\Lorenzo\\Documents\\Workspace\\Doutorado\\DLDSBooleanCircuit\\.lake\\build\\lib\\lean c:\\Users\\Lorenzo\\.elan\\toolchains\\leanprover--lean4---v4.29.0-rc7\\bin\\lean.exe C:\\Users\\Lorenzo\\Documents\\Workspace\\Doutorado\\DLDSBooleanCircuit\\DLDSBooleanCircuit.lean -o C:\\Users\\Lorenzo\\Documents\\Workspace\\Doutorado\\DLDSBooleanCircuit\\.lake\\build\\lib\\lean\\DLDSBooleanCircuit.olean -i C:\\Users\\Lorenzo\\Documents\\Workspace\\Doutorado\\DLDSBooleanCircuit\\.lake\\build\\lib\\lean\\DLDSBooleanCircuit.ilean -c C:\\Users\\Lorenzo\\Documents\\Workspace\\Doutorado\\DLDSBooleanCircuit\\.lake\\build\\ir\\DLDSBooleanCircuit.c --setup C:\\Users\\Lorenzo\\Documents\\Workspace\\Doutorado\\DLDSBooleanCircuit\\.lake\\build\\ir\\DLDSBooleanCircuit.setup.json --json",
   "level": "trace"},
  {"message": "DLDSBooleanCircuit.lean:3337:0: [false]", "level": "info"},
  {"message": "DLDSBooleanCircuit.lean:3661:0: [true, false]", "level": "info"},
  {"message": "DLDSBooleanCircuit.lean:3662:0: [true, true]", "level": "info"},
  {"message": "DLDSBooleanCircuit.lean:3757:0: [true, true, false, false]",
   "level": "info"},
  {"message": "DLDSBooleanCircuit.lean:3758:0: [false, true, false, false]",
   "level": "info"},
  {"message": "DLDSBooleanCircuit.lean:3759:0: [false, true, false, false]",
   "level": "info"},
  {"message": "DLDSBooleanCircuit.lean:3760:0: [false, true, false, true]",
   "level": "info"},
  {"message": "DLDSBooleanCircuit.lean:3768:0: [true, true, false, false]",
   "level": "info"},
  {"message": "DLDSBooleanCircuit.lean:3769:0: [false, true, true, false]",
   "level": "info"},
  {"message": "DLDSBooleanCircuit.lean:3770:0: [false, true, false, false]",
   "level": "info"},
  {"message": "DLDSBooleanCircuit.lean:3771:0: [false, true, true, true]",
   "level": "info"},
  {"message": "DLDSBooleanCircuit.lean:4545:0: [true, true, false, false]",
   "level": "info"},
  {"message": "DLDSBooleanCircuit.lean:4547:0: [false, true, false, false]",
   "level": "info"},
  {"message": "DLDSBooleanCircuit.lean:4549:0: [false, true, false, false]",
   "level": "info"},
  {"message": "DLDSBooleanCircuit.lean:4551:0: [false, true, false, true]",
   "level": "info"},
  {"message": "DLDSBooleanCircuit.lean:4555:0: [true, true, false, false]",
   "level": "info"},
  {"message": "DLDSBooleanCircuit.lean:4557:0: [false, true, true, false]",
   "level": "info"},
  {"message": "DLDSBooleanCircuit.lean:4559:0: [false, true, false, false]",
   "level": "info"},
  {"message": "DLDSBooleanCircuit.lean:4561:0: [false, true, true, true]",
   "level": "info"}],
 "inputs":
 [["DLDSBooleanCircuit:deps",
   [["deps",
     [["DLDSBooleanCircuit/DLDSBooleanCircuit:extraDep",
       [["@DLDSBooleanCircuit:extraDep", "00000000000006bb"]]],
      ["imports",
       [["Mathlib.Data.List.Basic transitive imports (legacy)",
         "4e5fcff965ff1e43"],
        ["Mathlib.Data.List.Basic:importAllArts", "d96fba5ae4ef3a5d"],
        ["Mathlib.Tactic transitive imports (legacy)", "fca55ee11099faae"],
        ["Mathlib.Tactic:importAllArts", "fe032805ffe97643"],
        ["Mathlib.Data.Vector.Mem transitive imports (legacy)",
         "1d7fb1c641086879"],
        ["Mathlib.Data.Vector.Mem:importAllArts", "b660d94ba1528b6b"],
        ["Mathlib.Data.List.Duplicate transitive imports (legacy)",
         "f8240bb5154526af"],
        ["Mathlib.Data.List.Duplicate:importAllArts", "7d9a96d4408ce83e"],
        ["Mathlib.Data.Vector.Defs transitive imports (legacy)",
         "9c1eb183271cbe2c"],
        ["Mathlib.Data.Vector.Defs:importAllArts", "7f00596f5a7031ba"],
        ["Mathlib.Data.Vector.Zip transitive imports (legacy)",
         "1d7fb1c641086879"],
        ["Mathlib.Data.Vector.Zip:importAllArts", "7f0c3fecebed2e39"],
        ["Mathlib.Data.Fin.Basic transitive imports (legacy)",
         "1058e18e61343859"],
        ["Mathlib.Data.Fin.Basic:importAllArts", "4fe6c0bdbaa4a353"],
        ["Mathlib.Data.List.GetD transitive imports (legacy)",
         "1f7b8d9d33ce4ded"],
        ["Mathlib.Data.List.GetD:importAllArts", "83b6df8df0e8591c"],
        ["DLDSBooleanCircuit.Robustness transitive imports (legacy)",
         "5caf759971670de6"],
        ["DLDSBooleanCircuit.Robustness:importAllArts", "08266de3db143ada"]]]]],
    ["libs",
     [["import dynlibs", "00000000000006bb"],
      ["package external libraries", "00000000000006bb"],
      ["module dynlibs", "00000000000006bb"],
      ["module plugins", "00000000000006bb"]]]]],
  ["Lean 4.29.0, commit f5d7f18743eac341c4fa6e86abc5056d6ece40f4",
   "d81946a93ffea441"],
  ["C:\\Users\\Lorenzo\\Documents\\Workspace\\Doutorado\\DLDSBooleanCircuit\\DLDSBooleanCircuit.lean",
   "b71abdcc8a5d6242"],
  ["options", "00000000000006bb"],
  ["isModule: false", "feefd2a0d3a1847e"],
  ["Module.name: DLDSBooleanCircuit", "7d25dca3e8ef0600"],
  ["Package.id?: (some DLDSBooleanCircuit)", "eee346e99974207b"],
  ["Module.leanArgs: #[]", "00000000000006bb"]],
 "depHash": "fa535144923db6b9"}